[38;5;112m[Appium][0m Welcome to Appium v2.15.0
[38;5;112m[Appium][0m Non-default server args:
[38;5;112m[Appium][0m { basePath: [32m'/wd/hub'[39m, loglevel: [32m'info'[39m, port: [33m52418[39m }
[38;5;112m[Appium][0m Attempting to load driver uiautomator2...
[38;5;112m[Appium][0m Appium REST http interface listener started on http://0.0.0.0:52418/wd/hub
[38;5;112m[Appium][0m You can provide the following URLs in your client code to connect to this server:
	http://172.30.160.1:52418/wd/hub
	http://10.113.73.120:52418/wd/hub
	http://127.0.0.1:52418/wd/hub (only accessible from the same host)
[38;5;112m[Appium][0m Available drivers:
[38;5;112m[Appium][0m   - uiautomator2@3.10.0 (automationName 'UiAutomator2')
[38;5;112m[Appium][0m No plugins have been installed. Use the "appium plugin" command to install the one(s) you want to use.
[38;5;86m[HTTP][0m [37m-->[39m [37mGET[39m [37m/wd/hub/status[39m [90m{}[39m
[38;5;86m[HTTP][0m [37m<-- GET /wd/hub/status [39m[32m200[39m [90m4 ms - 111[39m [90m[39m
[38;5;86m[HTTP][0m [37m-->[39m [37mGET[39m [37m/wd/hub/status[39m [90m{}[39m
[38;5;86m[HTTP][0m [37m<-- GET /wd/hub/status [39m[32m200[39m [90m1 ms - 111[39m [90m[39m
[38;5;86m[HTTP][0m [37m-->[39m [37mPOST[39m [37m/wd/hub/session[39m [90m{"capabilities":{"firstMatch":[{"appium:appActivity":".Settings","appium:appPackage":"com.android.settings","appium:autoGrantPermissions":true,"appium:automationName":"uiautomator2","appium:deviceName":"INFINIX Infinix X6831 (Android 13)","appium:newCommandTimeout":1800,"appium:platformName":"ANDROID","appium:platformVersion":"13","appium:systemPort":8292,"appium:udid":"099274035F003357","platformName":"ANDROID"}]},"desiredCapabilities":{"appium:appActivity":".Settings","appium:appPackage":"com.android.settings","appium:autoGrantPermissions":true,"appium:automationName":"uiautomator2","appium:deviceName":"INFINIX Infinix X6831 (Android 13)","appium:newCommandTimeout":1800,"appium:platformName":"ANDROID","appium:platformVersion":"13","appium:systemPort":8292,"appium:udid":"099274035F003357"}}[39m
[38;5;123m[BaseDriver][0m Ignoring capability 'appium:platformName=ANDROID' and using capability 'platformName=ANDROID'
[38;5;123m[BaseDriver][0m The capabilities ["platformName"] are standard capabilities and do not require "appium:" prefix
[38;5;112m[Appium][0m Attempting to find matching driver for automationName 'uiautomator2' and platformName 'ANDROID'
[38;5;112m[Appium][0m The 'uiautomator2' driver was installed and matched caps.
[38;5;112m[Appium][0m Will require it at C:\Users\USER\.appium\node_modules\appium-uiautomator2-driver
[38;5;188m[AppiumDriver@9964][0m Appium v2.15.0 creating new AndroidUiautomator2Driver (v3.10.0) session
[38;5;188m[AppiumDriver@9964][0m Checking BaseDriver versions for Appium and AndroidUiautomator2Driver
[38;5;188m[AppiumDriver@9964][0m Appium's BaseDriver version is 9.15.0
[38;5;188m[AppiumDriver@9964][0m AndroidUiautomator2Driver's BaseDriver version is 9.15.0
[38;5;59m[ff268cc5][0m[38;5;-170m[AndroidUiautomator2Driver@299e][0m Session created with session id: ff268cc5-9e12-4632-8681-0c8b7f6b6d9d
[38;5;59m[ff268cc5][0m[38;5;229m[ADB][0m Found 1 'build-tools' folders under 'C:\Users\USER\.katalon\tools\android_sdk' (newest first):
[38;5;59m[ff268cc5][0m[38;5;229m[ADB][0m     C:\Users\USER\.katalon\tools\android_sdk\build-tools\29.0.3
[38;5;59m[ff268cc5][0m[38;5;229m[ADB][0m Using 'adb.exe' from 'C:\Users\USER\.katalon\tools\android_sdk\platform-tools\adb.exe'
[38;5;59m[ff268cc5][0m[38;5;-170m[AndroidUiautomator2Driver@299e][0m Retrieving device list
[38;5;59m[ff268cc5][0m[38;5;-170m[AndroidUiautomator2Driver@299e][0m Using device: 099274035F003357
[38;5;59m[ff268cc5][0m[38;5;229m[ADB][0m Using 'adb.exe' from 'C:\Users\USER\.katalon\tools\android_sdk\platform-tools\adb.exe'
[38;5;59m[ff268cc5][0m[38;5;-170m[AndroidUiautomator2Driver@299e][0m Starting 'com.android.settings' directly on the device
[38;5;59m[ff268cc5][0m[38;5;229m[ADB][0m Getting device platform version
[38;5;59m[ff268cc5][0m[38;5;-170m[AndroidUiautomator2Driver@299e][0m Relaxing hidden api policy
[38;5;59m[ff268cc5][0m[38;5;229m[ADB][0m Using 'aapt2.exe' from 'C:\Users\USER\.katalon\tools\android_sdk\build-tools\29.0.3\aapt2.exe'
[38;5;59m[ff268cc5][0m[38;5;-170m[AndroidUiautomator2Driver@299e][0m Server packages are not going to be (re)installed
[38;5;59m[ff268cc5][0m[38;5;229m[ADB][0m Adding packages ["io.appium.settings","io.appium.uiautomator2.server","io.appium.uiautomator2.server.test"] to Doze whitelist
[38;5;59m[ff268cc5][0m[38;5;-170m[AndroidUiautomator2Driver@299e][0m Starting UIAutomator2 server 7.1.11
[38;5;59m[ff268cc5][0m[38;5;-170m[AndroidUiautomator2Driver@299e][0m Using UIAutomator2 server from 'C:\Users\USER\.appium\node_modules\appium-uiautomator2-driver\node_modules\appium-uiautomator2-server\apks\appium-uiautomator2-server-v7.1.11.apk' and test from 'C:\Users\USER\.appium\node_modules\appium-uiautomator2-driver\node_modules\appium-uiautomator2-server\apks\appium-uiautomator2-server-debug-androidTest.apk'
[38;5;59m[ff268cc5][0m[38;5;-170m[AndroidUiautomator2Driver@299e][0m Waiting up to 30000ms for UiAutomator2 to be online...
[38;5;59m[ff268cc5][0m[38;5;-170m[AndroidUiautomator2Driver@299e][0m socket hang up
[38;5;59m[ff268cc5][0m[38;5;-170m[AndroidUiautomator2Driver@299e][0m socket hang up
[38;5;59m[ff268cc5][0m[38;5;-170m[AndroidUiautomator2Driver@299e][0m socket hang up
[38;5;59m[ff268cc5][0m[38;5;-170m[AndroidUiautomator2Driver@299e][0m Determined the downstream protocol as 'W3C'
[38;5;59m[ff268cc5][0m[38;5;-170m[AndroidUiautomator2Driver@299e][0m Screen already unlocked, doing nothing
[38;5;59m[ff268cc5][0m[38;5;-170m[AndroidUiautomator2Driver@299e][0m Starting 'com.android.settings/.Settings' and waiting for 'com.android.settings/.Settings'
[38;5;59m[ff268cc5][0m[38;5;188m[AppiumDriver@9964][0m New AndroidUiautomator2Driver session created successfully, session ff268cc5-9e12-4632-8681-0c8b7f6b6d9d added to master session list
[38;5;59m[ff268cc5][0m[38;5;86m[HTTP][0m [37m<-- POST /wd/hub/session [39m[32m200[39m [90m7111 ms - 1115[39m [90m[39m
[38;5;86m[HTTP][0m [37m-->[39m [37mGET[39m [37m/wd/hub/status[39m [90m{}[39m
[38;5;86m[HTTP][0m [37m<-- GET /wd/hub/status [39m[32m200[39m [90m1 ms - 111[39m [90m[39m
[38;5;59m[ff268cc5][0m[38;5;86m[HTTP][0m [37m-->[39m [37mPOST[39m [37m/wd/hub/session/ff268cc5-9e12-4632-8681-0c8b7f6b6d9d/timeouts[39m [90m{"implicit":60000}[39m
[38;5;59m[ff268cc5][0m[38;5;86m[HTTP][0m [37m<-- POST /wd/hub/session/ff268cc5-9e12-4632-8681-0c8b7f6b6d9d/timeouts [39m[32m200[39m [90m2 ms - 14[39m [90m[39m
[38;5;59m[ff268cc5][0m[38;5;86m[HTTP][0m [37m-->[39m [37mPOST[39m [37m/wd/hub/session/ff268cc5-9e12-4632-8681-0c8b7f6b6d9d/execute/sync[39m [90m{"script":"mobile: getSystemBars","args":[]}[39m
[38;5;59m[ff268cc5][0m[38;5;-170m[AndroidUiautomator2Driver@299e][0m Executing native command 'mobile: getSystemBars'
[38;5;59m[ff268cc5][0m[38;5;86m[HTTP][0m [37m<-- POST /wd/hub/session/ff268cc5-9e12-4632-8681-0c8b7f6b6d9d/execute/sync [39m[32m200[39m [90m142 ms - 152[39m [90m[39m
[38;5;59m[ff268cc5][0m[38;5;86m[HTTP][0m [37m-->[39m [37mPOST[39m [37m/wd/hub/session/ff268cc5-9e12-4632-8681-0c8b7f6b6d9d/execute/sync[39m [90m{"script":"mobile: activateApp","args":[{"appId":"com.swaglabsmobileapp","bundleId":"com.swaglabsmobileapp"}]}[39m
[38;5;59m[ff268cc5][0m[38;5;-170m[AndroidUiautomator2Driver@299e][0m Executing native command 'mobile: activateApp'
[38;5;59m[ff268cc5][0m[38;5;86m[HTTP][0m [37m<-- POST /wd/hub/session/ff268cc5-9e12-4632-8681-0c8b7f6b6d9d/execute/sync [39m[32m200[39m [90m179 ms - 14[39m [90m[39m
[38;5;59m[ff268cc5][0m[38;5;86m[HTTP][0m [37m-->[39m [37mGET[39m [37m/wd/hub/session/ff268cc5-9e12-4632-8681-0c8b7f6b6d9d/source[39m [90m{}[39m
[38;5;59m[ff268cc5][0m[38;5;-170m[AndroidUiautomator2Driver@299e][0m Driver proxy active, passing request on via HTTP proxy
[38;5;59m[ff268cc5][0m[38;5;-170m[AndroidUiautomator2Driver@299e][0m Replacing sessionId c0ad8f87-a7c7-4602-ae7b-94134ca67af2 with ff268cc5-9e12-4632-8681-0c8b7f6b6d9d
[38;5;59m[ff268cc5][0m[38;5;86m[HTTP][0m [37m<-- GET /wd/hub/session/ff268cc5-9e12-4632-8681-0c8b7f6b6d9d/source [39m[32m200[39m [90m1312 ms - 18229[39m [90m[39m
[38;5;59m[ff268cc5][0m[38;5;86m[HTTP][0m [37m-->[39m [37mGET[39m [37m/wd/hub/session/ff268cc5-9e12-4632-8681-0c8b7f6b6d9d/screenshot[39m [90m{}[39m
[38;5;59m[ff268cc5][0m[38;5;86m[HTTP][0m [37m<-- GET /wd/hub/session/ff268cc5-9e12-4632-8681-0c8b7f6b6d9d/screenshot [39m[32m200[39m [90m751 ms - 225468[39m [90m[39m
[38;5;59m[ff268cc5[38;5;214m[6c50ea64][0m[38;5;86m[HTTP][0m [37m-->[39m [37mDELETE[39m [37m/wd/hub/session/6c50ea64-a24f-4e0d-9ad8-3acb22b0a385[39m [90m{}[39m
[38;5;214m[6c50ea64][0m[38;5;163m[AppiumDriver@2531][0m Removing session 6c50ea64-a24f-4e0d-9ad8-3acb22b0a385 from our master session list
[38;5;214m[6c50ea64][0m[38;5;-37m[AndroidUiautomator2Driver@cd2e][0m Did not get confirmation UiAutomator2 deleteSession worked; Error was: UnknownError: An unknown server-side error occurred while processing the command. Original error: 'DELETE /' cannot be proxied to UiAutomator2 server because the instrumentation process is not running (probably crashed). Check the server log and/or the logcat output for more details
[38;5;214m[6c50ea64][0m[38;5;-37m[AndroidUiautomator2Driver@cd2e][0m Unable to remove system port forward: Error executing adbExec. Original error: 'Command 'C:\\Users\\USER\\.katalon\\tools\\android_sdk\\platform-tools\\adb.exe -P 5037 -s 099274035F003357 forward --remove tcp\:8284' exited with code 1'; Command output: adb.exe: error: listener 'tcp:8284' not found

[38;5;214m[6c50ea64][0m[38;5;-37m[AndroidUiautomator2Driver@cd2e][0m Restoring hidden api policy to the device default configuration
[38;5;214m[6c50ea64][0m[38;5;86m[HTTP][0m [37m<-- DELETE /wd/hub/session/6c50ea64-a24f-4e0d-9ad8-3acb22b0a385 [39m[32m200[39m [90m238 ms - 14[39m [90m[39m
[0m[38;5;86m[HTTP][0m [37m<-- DELETE /wd/hub/session/ff268cc5-9e12-4632-8681-0c8b7f6b6d9d [39m[32m200[39m [90m288 ms - 14[39m [90m[39m
